[2022-06-21 16:04:12] local.ERROR: SQLSTATE[HY000] [1045] Access denied for user 'root'@'localhost' (using password: NO) (SQL: select * from `sessions` where `id` = ZGthEg8HpY5pWC3PIYKXsWfF4pVeSOhu30K77FF9 limit 1) {"exception":"[object] (Illuminate\\Database\\QueryException(code: 1045): SQLSTATE[HY000] [1045] Access denied for user 'root'@'localhost' (using password: NO) (SQL: select * from `sessions` where `id` = ZGthEg8HpY5pWC3PIYKXsWfF4pVeSOhu30K77FF9 limit 1) at /Users/Mark/Desktop/clients/Comptech/Projects/Career/Peach Technology/Projects/Sub/Nature Ripe/Development/natureripe-laravel/vendor/laravel/framework/src/Illuminate/Database/Connection.php:716)
[stacktrace]
#0 /Users/Mark/Desktop/clients/Comptech/Projects/Career/Peach Technology/Projects/Sub/Nature Ripe/Development/natureripe-laravel/vendor/laravel/framework/src/Illuminate/Database/Connection.php(676): Illuminate\\Database\\Connection->runQueryCallback('select * from `...', Array, Object(Closure))
#1 /Users/Mark/Desktop/clients/Comptech/Projects/Career/Peach Technology/Projects/Sub/Nature Ripe/Development/natureripe-laravel/vendor/laravel/framework/src/Illuminate/Database/Connection.php(376): Illuminate\\Database\\Connection->run('select * from `...', Array, Object(Closure))
#2 /Users/Mark/Desktop/clients/Comptech/Projects/Career/Peach Technology/Projects/Sub/Nature Ripe/Development/natureripe-laravel/vendor/laravel/framework/src/Illuminate/Database/Query/Builder.php(2556): Illuminate\\Database\\Connection->select('select * from `...', Array, true)
#3 /Users/Mark/Desktop/clients/Comptech/Projects/Career/Peach Technology/Projects/Sub/Nature Ripe/Development/natureripe-laravel/vendor/laravel/framework/src/Illuminate/Database/Query/Builder.php(2544): Illuminate\\Database\\Query\\Builder->runSelect()
#4 /Users/Mark/Desktop/clients/Comptech/Projects/Career/Peach Technology/Projects/Sub/Nature Ripe/Development/natureripe-laravel/vendor/laravel/framework/src/Illuminate/Database/Query/Builder.php(3078): Illuminate\\Database\\Query\\Builder->Illuminate\\Database\\Query\\{closure}()
#5 /Users/Mark/Desktop/clients/Comptech/Projects/Career/Peach Technology/Projects/Sub/Nature Ripe/Development/natureripe-laravel/vendor/laravel/framework/src/Illuminate/Database/Query/Builder.php(2545): Illuminate\\Database\\Query\\Builder->onceWithColumns(Array, Object(Closure))
#6 /Users/Mark/Desktop/clients/Comptech/Projects/Career/Peach Technology/Projects/Sub/Nature Ripe/Development/natureripe-laravel/vendor/laravel/framework/src/Illuminate/Database/Concerns/BuildsQueries.php(296): Illuminate\\Database\\Query\\Builder->get(Array)
#7 /Users/Mark/Desktop/clients/Comptech/Projects/Career/Peach Technology/Projects/Sub/Nature Ripe/Development/natureripe-laravel/vendor/laravel/framework/src/Illuminate/Database/Query/Builder.php(2503): Illuminate\\Database\\Query\\Builder->first(Array)
#8 /Users/Mark/Desktop/clients/Comptech/Projects/Career/Peach Technology/Projects/Sub/Nature Ripe/Development/natureripe-laravel/vendor/laravel/framework/src/Illuminate/Session/DatabaseSessionHandler.php(97): Illuminate\\Database\\Query\\Builder->find('ZGthEg8HpY5pWC3...')
#9 /Users/Mark/Desktop/clients/Comptech/Projects/Career/Peach Technology/Projects/Sub/Nature Ripe/Development/natureripe-laravel/vendor/laravel/framework/src/Illuminate/Session/Store.php(106): Illuminate\\Session\\DatabaseSessionHandler->read('ZGthEg8HpY5pWC3...')
#10 /Users/Mark/Desktop/clients/Comptech/Projects/Career/Peach Technology/Projects/Sub/Nature Ripe/Development/natureripe-laravel/vendor/laravel/framework/src/Illuminate/Session/Store.php(96): Illuminate\\Session\\Store->readFromHandler()
#11 /Users/Mark/Desktop/clients/Comptech/Projects/Career/Peach Technology/Projects/Sub/Nature Ripe/Development/natureripe-laravel/vendor/laravel/framework/src/Illuminate/Session/Store.php(80): Illuminate\\Session\\Store->loadSession()
#12 /Users/Mark/Desktop/clients/Comptech/Projects/Career/Peach Technology/Projects/Sub/Nature Ripe/Development/natureripe-laravel/vendor/laravel/framework/src/Illuminate/Session/Middleware/StartSession.php(147): Illuminate\\Session\\Store->start()
#13 /Users/Mark/Desktop/clients/Comptech/Projects/Career/Peach Technology/Projects/Sub/Nature Ripe/Development/natureripe-laravel/vendor/laravel/framework/src/Illuminate/Support/helpers.php(302): Illuminate\\Session\\Middleware\\StartSession->Illuminate\\Session\\Middleware\\{closure}(Object(Illuminate\\Session\\Store))
#14 /Users/Mark/Desktop/clients/Comptech/Projects/Career/Peach Technology/Projects/Sub/Nature Ripe/Development/natureripe-laravel/vendor/laravel/framework/src/Illuminate/Session/Middleware/StartSession.php(148): tap(Object(Illuminate\\Session\\Store), Object(Closure))
#15 /Users/Mark/Desktop/clients/Comptech/Projects/Career/Peach Technology/Projects/Sub/Nature Ripe/Development/natureripe-laravel/vendor/laravel/framework/src/Illuminate/Session/Middleware/StartSession.php(116): Illuminate\\Session\\Middleware\\StartSession->startSession(Object(Illuminate\\Http\\Request), Object(Illuminate\\Session\\Store))
#16 /Users/Mark/Desktop/clients/Comptech/Projects/Career/Peach Technology/Projects/Sub/Nature Ripe/Development/natureripe-laravel/vendor/laravel/framework/src/Illuminate/Session/Middleware/StartSession.php(64): Illuminate\\Session\\Middleware\\StartSession->handleStatefulRequest(Object(Illuminate\\Http\\Request), Object(Illuminate\\Session\\Store), Object(Closure))
#17 /Users/Mark/Desktop/clients/Comptech/Projects/Career/Peach Technology/Projects/Sub/Nature Ripe/Development/natureripe-laravel/vendor/laravel/framework/src/Illuminate/Pipeline/Pipeline.php(180): Illuminate\\Session\\Middleware\\StartSession->handle(Object(Illuminate\\Http\\Request), Object(Closure))
#18 /Users/Mark/Desktop/clients/Comptech/Projects/Career/Peach Technology/Projects/Sub/Nature Ripe/Development/natureripe-laravel/vendor/laravel/framework/src/Illuminate/Cookie/Middleware/AddQueuedCookiesToResponse.php(37): Illuminate\\Pipeline\\Pipeline->Illuminate\\Pipeline\\{closure}(Object(Illuminate\\Http\\Request))
#19 /Users/Mark/Desktop/clients/Comptech/Projects/Career/Peach Technology/Projects/Sub/Nature Ripe/Development/natureripe-laravel/vendor/laravel/framework/src/Illuminate/Pipeline/Pipeline.php(180): Illuminate\\Cookie\\Middleware\\AddQueuedCookiesToResponse->handle(Object(Illuminate\\Http\\Request), Object(Closure))
#20 /Users/Mark/Desktop/clients/Comptech/Projects/Career/Peach Technology/Projects/Sub/Nature Ripe/Development/natureripe-laravel/vendor/laravel/framework/src/Illuminate/Cookie/Middleware/EncryptCookies.php(67): Illuminate\\Pipeline\\Pipeline->Illuminate\\Pipeline\\{closure}(Object(Illuminate\\Http\\Request))
#21 /Users/Mark/Desktop/clients/Comptech/Projects/Career/Peach Technology/Projects/Sub/Nature Ripe/Development/natureripe-laravel/vendor/laravel/framework/src/Illuminate/Pipeline/Pipeline.php(180): Illuminate\\Cookie\\Middleware\\EncryptCookies->handle(Object(Illuminate\\Http\\Request), Object(Closure))
#22 /Users/Mark/Desktop/clients/Comptech/Projects/Career/Peach Technology/Projects/Sub/Nature Ripe/Development/natureripe-laravel/vendor/laravel/framework/src/Illuminate/Pipeline/Pipeline.php(116): Illuminate\\Pipeline\\Pipeline->Illuminate\\Pipeline\\{closure}(Object(Illuminate\\Http\\Request))
#23 /Users/Mark/Desktop/clients/Comptech/Projects/Career/Peach Technology/Projects/Sub/Nature Ripe/Development/natureripe-laravel/vendor/laravel/framework/src/Illuminate/Routing/Router.php(727): Illuminate\\Pipeline\\Pipeline->then(Object(Closure))
#24 /Users/Mark/Desktop/clients/Comptech/Projects/Career/Peach Technology/Projects/Sub/Nature Ripe/Development/natureripe-laravel/vendor/laravel/framework/src/Illuminate/Routing/Router.php(702): Illuminate\\Routing\\Router->runRouteWithinStack(Object(Illuminate\\Routing\\Route), Object(Illuminate\\Http\\Request))
#25 /Users/Mark/Desktop/clients/Comptech/Projects/Career/Peach Technology/Projects/Sub/Nature Ripe/Development/natureripe-laravel/vendor/laravel/framework/src/Illuminate/Routing/Router.php(666): Illuminate\\Routing\\Router->runRoute(Object(Illuminate\\Http\\Request), Object(Illuminate\\Routing\\Route))
#26 /Users/Mark/Desktop/clients/Comptech/Projects/Career/Peach Technology/Projects/Sub/Nature Ripe/Development/natureripe-laravel/vendor/laravel/framework/src/Illuminate/Routing/Router.php(655): Illuminate\\Routing\\Router->dispatchToRoute(Object(Illuminate\\Http\\Request))
#27 /Users/Mark/Desktop/clients/Comptech/Projects/Career/Peach Technology/Projects/Sub/Nature Ripe/Development/natureripe-laravel/vendor/laravel/framework/src/Illuminate/Foundation/Http/Kernel.php(167): Illuminate\\Routing\\Router->dispatch(Object(Illuminate\\Http\\Request))
#28 /Users/Mark/Desktop/clients/Comptech/Projects/Career/Peach Technology/Projects/Sub/Nature Ripe/Development/natureripe-laravel/vendor/laravel/framework/src/Illuminate/Pipeline/Pipeline.php(141): Illuminate\\Foundation\\Http\\Kernel->Illuminate\\Foundation\\Http\\{closure}(Object(Illuminate\\Http\\Request))
#29 /Users/Mark/Desktop/clients/Comptech/Projects/Career/Peach Technology/Projects/Sub/Nature Ripe/Development/natureripe-laravel/vendor/laravel/framework/src/Illuminate/Foundation/Http/Middleware/TransformsRequest.php(21): Illuminate\\Pipeline\\Pipeline->Illuminate\\Pipeline\\{closure}(Object(Illuminate\\Http\\Request))
#30 /Users/Mark/Desktop/clients/Comptech/Projects/Career/Peach Technology/Projects/Sub/Nature Ripe/Development/natureripe-laravel/vendor/laravel/framework/src/Illuminate/Foundation/Http/Middleware/ConvertEmptyStringsToNull.php(31): Illuminate\\Foundation\\Http\\Middleware\\TransformsRequest->handle(Object(Illuminate\\Http\\Request), Object(Closure))
#31 /Users/Mark/Desktop/clients/Comptech/Projects/Career/Peach Technology/Projects/Sub/Nature Ripe/Development/natureripe-laravel/vendor/laravel/framework/src/Illuminate/Pipeline/Pipeline.php(180): Illuminate\\Foundation\\Http\\Middleware\\ConvertEmptyStringsToNull->handle(Object(Illuminate\\Http\\Request), Object(Closure))
#32 /Users/Mark/Desktop/clients/Comptech/Projects/Career/Peach Technology/Projects/Sub/Nature Ripe/Development/natureripe-laravel/vendor/laravel/framework/src/Illuminate/Foundation/Http/Middleware/TransformsRequest.php(21): Illuminate\\Pipeline\\Pipeline->Illuminate\\Pipeline\\{closure}(Object(Illuminate\\Http\\Request))
#33 /Users/Mark/Desktop/clients/Comptech/Projects/Career/Peach Technology/Projects/Sub/Nature Ripe/Development/natureripe-laravel/vendor/laravel/framework/src/Illuminate/Foundation/Http/Middleware/TrimStrings.php(40): Illuminate\\Foundation\\Http\\Middleware\\TransformsRequest->handle(Object(Illuminate\\Http\\Request), Object(Closure))
#34 /Users/Mark/Desktop/clients/Comptech/Projects/Career/Peach Technology/Projects/Sub/Nature Ripe/Development/natureripe-laravel/vendor/laravel/framework/src/Illuminate/Pipeline/Pipeline.php(180): Illuminate\\Foundation\\Http\\Middleware\\TrimStrings->handle(Object(Illuminate\\Http\\Request), Object(Closure))
#35 /Users/Mark/Desktop/clients/Comptech/Projects/Career/Peach Technology/Projects/Sub/Nature Ripe/Development/natureripe-laravel/vendor/laravel/framework/src/Illuminate/Foundation/Http/Middleware/ValidatePostSize.php(27): Illuminate\\Pipeline\\Pipeline->Illuminate\\Pipeline\\{closure}(Object(Illuminate\\Http\\Request))
#36 /Users/Mark/Desktop/clients/Comptech/Projects/Career/Peach Technology/Projects/Sub/Nature Ripe/Development/natureripe-laravel/vendor/laravel/framework/src/Illuminate/Pipeline/Pipeline.php(180): Illuminate\\Foundation\\Http\\Middleware\\ValidatePostSize->handle(Object(Illuminate\\Http\\Request), Object(Closure))
#37 /Users/Mark/Desktop/clients/Comptech/Projects/Career/Peach Technology/Projects/Sub/Nature Ripe/Development/natureripe-laravel/vendor/laravel/framework/src/Illuminate/Foundation/Http/Middleware/PreventRequestsDuringMaintenance.php(86): Illuminate\\Pipeline\\Pipeline->Illuminate\\Pipeline\\{closure}(Object(Illuminate\\Http\\Request))
#38 /Users/Mark/Desktop/clients/Comptech/Projects/Career/Peach Technology/Projects/Sub/Nature Ripe/Development/natureripe-laravel/vendor/laravel/framework/src/Illuminate/Pipeline/Pipeline.php(180): Illuminate\\Foundation\\Http\\Middleware\\PreventRequestsDuringMaintenance->handle(Object(Illuminate\\Http\\Request), Object(Closure))
#39 /Users/Mark/Desktop/clients/Comptech/Projects/Career/Peach Technology/Projects/Sub/Nature Ripe/Development/natureripe-laravel/vendor/laravel/framework/src/Illuminate/Http/Middleware/HandleCors.php(49): Illuminate\\Pipeline\\Pipeline->Illuminate\\Pipeline\\{closure}(Object(Illuminate\\Http\\Request))
#40 /Users/Mark/Desktop/clients/Comptech/Projects/Career/Peach Technology/Projects/Sub/Nature Ripe/Development/natureripe-laravel/vendor/laravel/framework/src/Illuminate/Pipeline/Pipeline.php(180): Illuminate\\Http\\Middleware\\HandleCors->handle(Object(Illuminate\\Http\\Request), Object(Closure))
#41 /Users/Mark/Desktop/clients/Comptech/Projects/Career/Peach Technology/Projects/Sub/Nature Ripe/Development/natureripe-laravel/vendor/laravel/framework/src/Illuminate/Http/Middleware/TrustProxies.php(39): Illuminate\\Pipeline\\Pipeline->Illuminate\\Pipeline\\{closure}(Object(Illuminate\\Http\\Request))
#42 /Users/Mark/Desktop/clients/Comptech/Projects/Career/Peach Technology/Projects/Sub/Nature Ripe/Development/natureripe-laravel/vendor/laravel/framework/src/Illuminate/Pipeline/Pipeline.php(180): Illuminate\\Http\\Middleware\\TrustProxies->handle(Object(Illuminate\\Http\\Request), Object(Closure))
#43 /Users/Mark/Desktop/clients/Comptech/Projects/Career/Peach Technology/Projects/Sub/Nature Ripe/Development/natureripe-laravel/vendor/laravel/framework/src/Illuminate/Pipeline/Pipeline.php(116): Illuminate\\Pipeline\\Pipeline->Illuminate\\Pipeline\\{closure}(Object(Illuminate\\Http\\Request))
#44 /Users/Mark/Desktop/clients/Comptech/Projects/Career/Peach Technology/Projects/Sub/Nature Ripe/Development/natureripe-laravel/vendor/laravel/framework/src/Illuminate/Foundation/Http/Kernel.php(142): Illuminate\\Pipeline\\Pipeline->then(Object(Closure))
#45 /Users/Mark/Desktop/clients/Comptech/Projects/Career/Peach Technology/Projects/Sub/Nature Ripe/Development/natureripe-laravel/vendor/laravel/framework/src/Illuminate/Foundation/Http/Kernel.php(111): Illuminate\\Foundation\\Http\\Kernel->sendRequestThroughRouter(Object(Illuminate\\Http\\Request))
#46 /Users/Mark/Desktop/clients/Comptech/Projects/Career/Peach Technology/Projects/Sub/Nature Ripe/Development/natureripe-laravel/public/index.php(52): Illuminate\\Foundation\\Http\\Kernel->handle(Object(Illuminate\\Http\\Request))
#47 /Users/Mark/Desktop/clients/Comptech/Projects/Career/Peach Technology/Projects/Sub/Nature Ripe/Development/natureripe-laravel/vendor/laravel/framework/src/Illuminate/Foundation/resources/server.php(16): require_once('/Users/Mark/Des...')
#48 {main}

[previous exception] [object] (PDOException(code: 1045): SQLSTATE[HY000] [1045] Access denied for user 'root'@'localhost' (using password: NO) at /Users/Mark/Desktop/clients/Comptech/Projects/Career/Peach Technology/Projects/Sub/Nature Ripe/Development/natureripe-laravel/vendor/laravel/framework/src/Illuminate/Database/Connectors/Connector.php:70)
[stacktrace]
#0 /Users/Mark/Desktop/clients/Comptech/Projects/Career/Peach Technology/Projects/Sub/Nature Ripe/Development/natureripe-laravel/vendor/laravel/framework/src/Illuminate/Database/Connectors/Connector.php(70): PDO->__construct('mysql:host=127....', 'root', '', Array)
#1 /Users/Mark/Desktop/clients/Comptech/Projects/Career/Peach Technology/Projects/Sub/Nature Ripe/Development/natureripe-laravel/vendor/laravel/framework/src/Illuminate/Database/Connectors/Connector.php(46): Illuminate\\Database\\Connectors\\Connector->createPdoConnection('mysql:host=127....', 'root', '', Array)
#2 /Users/Mark/Desktop/clients/Comptech/Projects/Career/Peach Technology/Projects/Sub/Nature Ripe/Development/natureripe-laravel/vendor/laravel/framework/src/Illuminate/Database/Connectors/MySqlConnector.php(24): Illuminate\\Database\\Connectors\\Connector->createConnection('mysql:host=127....', Array, Array)
#3 /Users/Mark/Desktop/clients/Comptech/Projects/Career/Peach Technology/Projects/Sub/Nature Ripe/Development/natureripe-laravel/vendor/laravel/framework/src/Illuminate/Database/Connectors/ConnectionFactory.php(184): Illuminate\\Database\\Connectors\\MySqlConnector->connect(Array)
#4 [internal function]: Illuminate\\Database\\Connectors\\ConnectionFactory->Illuminate\\Database\\Connectors\\{closure}()
#5 /Users/Mark/Desktop/clients/Comptech/Projects/Career/Peach Technology/Projects/Sub/Nature Ripe/Development/natureripe-laravel/vendor/laravel/framework/src/Illuminate/Database/Connection.php(1064): call_user_func(Object(Closure))
#6 /Users/Mark/Desktop/clients/Comptech/Projects/Career/Peach Technology/Projects/Sub/Nature Ripe/Development/natureripe-laravel/vendor/laravel/framework/src/Illuminate/Database/Connection.php(1100): Illuminate\\Database\\Connection->getPdo()
#7 /Users/Mark/Desktop/clients/Comptech/Projects/Career/Peach Technology/Projects/Sub/Nature Ripe/Development/natureripe-laravel/vendor/laravel/framework/src/Illuminate/Database/Connection.php(442): Illuminate\\Database\\Connection->getReadPdo()
#8 /Users/Mark/Desktop/clients/Comptech/Projects/Career/Peach Technology/Projects/Sub/Nature Ripe/Development/natureripe-laravel/vendor/laravel/framework/src/Illuminate/Database/Connection.php(368): Illuminate\\Database\\Connection->getPdoForSelect(true)
#9 /Users/Mark/Desktop/clients/Comptech/Projects/Career/Peach Technology/Projects/Sub/Nature Ripe/Development/natureripe-laravel/vendor/laravel/framework/src/Illuminate/Database/Connection.php(709): Illuminate\\Database\\Connection->Illuminate\\Database\\{closure}('select * from `...', Array)
#10 /Users/Mark/Desktop/clients/Comptech/Projects/Career/Peach Technology/Projects/Sub/Nature Ripe/Development/natureripe-laravel/vendor/laravel/framework/src/Illuminate/Database/Connection.php(676): Illuminate\\Database\\Connection->runQueryCallback('select * from `...', Array, Object(Closure))
#11 /Users/Mark/Desktop/clients/Comptech/Projects/Career/Peach Technology/Projects/Sub/Nature Ripe/Development/natureripe-laravel/vendor/laravel/framework/src/Illuminate/Database/Connection.php(376): Illuminate\\Database\\Connection->run('select * from `...', Array, Object(Closure))
#12 /Users/Mark/Desktop/clients/Comptech/Projects/Career/Peach Technology/Projects/Sub/Nature Ripe/Development/natureripe-laravel/vendor/laravel/framework/src/Illuminate/Database/Query/Builder.php(2556): Illuminate\\Database\\Connection->select('select * from `...', Array, true)
#13 /Users/Mark/Desktop/clients/Comptech/Projects/Career/Peach Technology/Projects/Sub/Nature Ripe/Development/natureripe-laravel/vendor/laravel/framework/src/Illuminate/Database/Query/Builder.php(2544): Illuminate\\Database\\Query\\Builder->runSelect()
#14 /Users/Mark/Desktop/clients/Comptech/Projects/Career/Peach Technology/Projects/Sub/Nature Ripe/Development/natureripe-laravel/vendor/laravel/framework/src/Illuminate/Database/Query/Builder.php(3078): Illuminate\\Database\\Query\\Builder->Illuminate\\Database\\Query\\{closure}()
#15 /Users/Mark/Desktop/clients/Comptech/Projects/Career/Peach Technology/Projects/Sub/Nature Ripe/Development/natureripe-laravel/vendor/laravel/framework/src/Illuminate/Database/Query/Builder.php(2545): Illuminate\\Database\\Query\\Builder->onceWithColumns(Array, Object(Closure))
#16 /Users/Mark/Desktop/clients/Comptech/Projects/Career/Peach Technology/Projects/Sub/Nature Ripe/Development/natureripe-laravel/vendor/laravel/framework/src/Illuminate/Database/Concerns/BuildsQueries.php(296): Illuminate\\Database\\Query\\Builder->get(Array)
#17 /Users/Mark/Desktop/clients/Comptech/Projects/Career/Peach Technology/Projects/Sub/Nature Ripe/Development/natureripe-laravel/vendor/laravel/framework/src/Illuminate/Database/Query/Builder.php(2503): Illuminate\\Database\\Query\\Builder->first(Array)
#18 /Users/Mark/Desktop/clients/Comptech/Projects/Career/Peach Technology/Projects/Sub/Nature Ripe/Development/natureripe-laravel/vendor/laravel/framework/src/Illuminate/Session/DatabaseSessionHandler.php(97): Illuminate\\Database\\Query\\Builder->find('ZGthEg8HpY5pWC3...')
#19 /Users/Mark/Desktop/clients/Comptech/Projects/Career/Peach Technology/Projects/Sub/Nature Ripe/Development/natureripe-laravel/vendor/laravel/framework/src/Illuminate/Session/Store.php(106): Illuminate\\Session\\DatabaseSessionHandler->read('ZGthEg8HpY5pWC3...')
#20 /Users/Mark/Desktop/clients/Comptech/Projects/Career/Peach Technology/Projects/Sub/Nature Ripe/Development/natureripe-laravel/vendor/laravel/framework/src/Illuminate/Session/Store.php(96): Illuminate\\Session\\Store->readFromHandler()
#21 /Users/Mark/Desktop/clients/Comptech/Projects/Career/Peach Technology/Projects/Sub/Nature Ripe/Development/natureripe-laravel/vendor/laravel/framework/src/Illuminate/Session/Store.php(80): Illuminate\\Session\\Store->loadSession()
#22 /Users/Mark/Desktop/clients/Comptech/Projects/Career/Peach Technology/Projects/Sub/Nature Ripe/Development/natureripe-laravel/vendor/laravel/framework/src/Illuminate/Session/Middleware/StartSession.php(147): Illuminate\\Session\\Store->start()
#23 /Users/Mark/Desktop/clients/Comptech/Projects/Career/Peach Technology/Projects/Sub/Nature Ripe/Development/natureripe-laravel/vendor/laravel/framework/src/Illuminate/Support/helpers.php(302): Illuminate\\Session\\Middleware\\StartSession->Illuminate\\Session\\Middleware\\{closure}(Object(Illuminate\\Session\\Store))
#24 /Users/Mark/Desktop/clients/Comptech/Projects/Career/Peach Technology/Projects/Sub/Nature Ripe/Development/natureripe-laravel/vendor/laravel/framework/src/Illuminate/Session/Middleware/StartSession.php(148): tap(Object(Illuminate\\Session\\Store), Object(Closure))
#25 /Users/Mark/Desktop/clients/Comptech/Projects/Career/Peach Technology/Projects/Sub/Nature Ripe/Development/natureripe-laravel/vendor/laravel/framework/src/Illuminate/Session/Middleware/StartSession.php(116): Illuminate\\Session\\Middleware\\StartSession->startSession(Object(Illuminate\\Http\\Request), Object(Illuminate\\Session\\Store))
#26 /Users/Mark/Desktop/clients/Comptech/Projects/Career/Peach Technology/Projects/Sub/Nature Ripe/Development/natureripe-laravel/vendor/laravel/framework/src/Illuminate/Session/Middleware/StartSession.php(64): Illuminate\\Session\\Middleware\\StartSession->handleStatefulRequest(Object(Illuminate\\Http\\Request), Object(Illuminate\\Session\\Store), Object(Closure))
#27 /Users/Mark/Desktop/clients/Comptech/Projects/Career/Peach Technology/Projects/Sub/Nature Ripe/Development/natureripe-laravel/vendor/laravel/framework/src/Illuminate/Pipeline/Pipeline.php(180): Illuminate\\Session\\Middleware\\StartSession->handle(Object(Illuminate\\Http\\Request), Object(Closure))
#28 /Users/Mark/Desktop/clients/Comptech/Projects/Career/Peach Technology/Projects/Sub/Nature Ripe/Development/natureripe-laravel/vendor/laravel/framework/src/Illuminate/Cookie/Middleware/AddQueuedCookiesToResponse.php(37): Illuminate\\Pipeline\\Pipeline->Illuminate\\Pipeline\\{closure}(Object(Illuminate\\Http\\Request))
#29 /Users/Mark/Desktop/clients/Comptech/Projects/Career/Peach Technology/Projects/Sub/Nature Ripe/Development/natureripe-laravel/vendor/laravel/framework/src/Illuminate/Pipeline/Pipeline.php(180): Illuminate\\Cookie\\Middleware\\AddQueuedCookiesToResponse->handle(Object(Illuminate\\Http\\Request), Object(Closure))
#30 /Users/Mark/Desktop/clients/Comptech/Projects/Career/Peach Technology/Projects/Sub/Nature Ripe/Development/natureripe-laravel/vendor/laravel/framework/src/Illuminate/Cookie/Middleware/EncryptCookies.php(67): Illuminate\\Pipeline\\Pipeline->Illuminate\\Pipeline\\{closure}(Object(Illuminate\\Http\\Request))
#31 /Users/Mark/Desktop/clients/Comptech/Projects/Career/Peach Technology/Projects/Sub/Nature Ripe/Development/natureripe-laravel/vendor/laravel/framework/src/Illuminate/Pipeline/Pipeline.php(180): Illuminate\\Cookie\\Middleware\\EncryptCookies->handle(Object(Illuminate\\Http\\Request), Object(Closure))
#32 /Users/Mark/Desktop/clients/Comptech/Projects/Career/Peach Technology/Projects/Sub/Nature Ripe/Development/natureripe-laravel/vendor/laravel/framework/src/Illuminate/Pipeline/Pipeline.php(116): Illuminate\\Pipeline\\Pipeline->Illuminate\\Pipeline\\{closure}(Object(Illuminate\\Http\\Request))
#33 /Users/Mark/Desktop/clients/Comptech/Projects/Career/Peach Technology/Projects/Sub/Nature Ripe/Development/natureripe-laravel/vendor/laravel/framework/src/Illuminate/Routing/Router.php(727): Illuminate\\Pipeline\\Pipeline->then(Object(Closure))
#34 /Users/Mark/Desktop/clients/Comptech/Projects/Career/Peach Technology/Projects/Sub/Nature Ripe/Development/natureripe-laravel/vendor/laravel/framework/src/Illuminate/Routing/Router.php(702): Illuminate\\Routing\\Router->runRouteWithinStack(Object(Illuminate\\Routing\\Route), Object(Illuminate\\Http\\Request))
#35 /Users/Mark/Desktop/clients/Comptech/Projects/Career/Peach Technology/Projects/Sub/Nature Ripe/Development/natureripe-laravel/vendor/laravel/framework/src/Illuminate/Routing/Router.php(666): Illuminate\\Routing\\Router->runRoute(Object(Illuminate\\Http\\Request), Object(Illuminate\\Routing\\Route))
#36 /Users/Mark/Desktop/clients/Comptech/Projects/Career/Peach Technology/Projects/Sub/Nature Ripe/Development/natureripe-laravel/vendor/laravel/framework/src/Illuminate/Routing/Router.php(655): Illuminate\\Routing\\Router->dispatchToRoute(Object(Illuminate\\Http\\Request))
#37 /Users/Mark/Desktop/clients/Comptech/Projects/Career/Peach Technology/Projects/Sub/Nature Ripe/Development/natureripe-laravel/vendor/laravel/framework/src/Illuminate/Foundation/Http/Kernel.php(167): Illuminate\\Routing\\Router->dispatch(Object(Illuminate\\Http\\Request))
#38 /Users/Mark/Desktop/clients/Comptech/Projects/Career/Peach Technology/Projects/Sub/Nature Ripe/Development/natureripe-laravel/vendor/laravel/framework/src/Illuminate/Pipeline/Pipeline.php(141): Illuminate\\Foundation\\Http\\Kernel->Illuminate\\Foundation\\Http\\{closure}(Object(Illuminate\\Http\\Request))
#39 /Users/Mark/Desktop/clients/Comptech/Projects/Career/Peach Technology/Projects/Sub/Nature Ripe/Development/natureripe-laravel/vendor/laravel/framework/src/Illuminate/Foundation/Http/Middleware/TransformsRequest.php(21): Illuminate\\Pipeline\\Pipeline->Illuminate\\Pipeline\\{closure}(Object(Illuminate\\Http\\Request))
#40 /Users/Mark/Desktop/clients/Comptech/Projects/Career/Peach Technology/Projects/Sub/Nature Ripe/Development/natureripe-laravel/vendor/laravel/framework/src/Illuminate/Foundation/Http/Middleware/ConvertEmptyStringsToNull.php(31): Illuminate\\Foundation\\Http\\Middleware\\TransformsRequest->handle(Object(Illuminate\\Http\\Request), Object(Closure))
#41 /Users/Mark/Desktop/clients/Comptech/Projects/Career/Peach Technology/Projects/Sub/Nature Ripe/Development/natureripe-laravel/vendor/laravel/framework/src/Illuminate/Pipeline/Pipeline.php(180): Illuminate\\Foundation\\Http\\Middleware\\ConvertEmptyStringsToNull->handle(Object(Illuminate\\Http\\Request), Object(Closure))
#42 /Users/Mark/Desktop/clients/Comptech/Projects/Career/Peach Technology/Projects/Sub/Nature Ripe/Development/natureripe-laravel/vendor/laravel/framework/src/Illuminate/Foundation/Http/Middleware/TransformsRequest.php(21): Illuminate\\Pipeline\\Pipeline->Illuminate\\Pipeline\\{closure}(Object(Illuminate\\Http\\Request))
#43 /Users/Mark/Desktop/clients/Comptech/Projects/Career/Peach Technology/Projects/Sub/Nature Ripe/Development/natureripe-laravel/vendor/laravel/framework/src/Illuminate/Foundation/Http/Middleware/TrimStrings.php(40): Illuminate\\Foundation\\Http\\Middleware\\TransformsRequest->handle(Object(Illuminate\\Http\\Request), Object(Closure))
#44 /Users/Mark/Desktop/clients/Comptech/Projects/Career/Peach Technology/Projects/Sub/Nature Ripe/Development/natureripe-laravel/vendor/laravel/framework/src/Illuminate/Pipeline/Pipeline.php(180): Illuminate\\Foundation\\Http\\Middleware\\TrimStrings->handle(Object(Illuminate\\Http\\Request), Object(Closure))
#45 /Users/Mark/Desktop/clients/Comptech/Projects/Career/Peach Technology/Projects/Sub/Nature Ripe/Development/natureripe-laravel/vendor/laravel/framework/src/Illuminate/Foundation/Http/Middleware/ValidatePostSize.php(27): Illuminate\\Pipeline\\Pipeline->Illuminate\\Pipeline\\{closure}(Object(Illuminate\\Http\\Request))
#46 /Users/Mark/Desktop/clients/Comptech/Projects/Career/Peach Technology/Projects/Sub/Nature Ripe/Development/natureripe-laravel/vendor/laravel/framework/src/Illuminate/Pipeline/Pipeline.php(180): Illuminate\\Foundation\\Http\\Middleware\\ValidatePostSize->handle(Object(Illuminate\\Http\\Request), Object(Closure))
#47 /Users/Mark/Desktop/clients/Comptech/Projects/Career/Peach Technology/Projects/Sub/Nature Ripe/Development/natureripe-laravel/vendor/laravel/framework/src/Illuminate/Foundation/Http/Middleware/PreventRequestsDuringMaintenance.php(86): Illuminate\\Pipeline\\Pipeline->Illuminate\\Pipeline\\{closure}(Object(Illuminate\\Http\\Request))
#48 /Users/Mark/Desktop/clients/Comptech/Projects/Career/Peach Technology/Projects/Sub/Nature Ripe/Development/natureripe-laravel/vendor/laravel/framework/src/Illuminate/Pipeline/Pipeline.php(180): Illuminate\\Foundation\\Http\\Middleware\\PreventRequestsDuringMaintenance->handle(Object(Illuminate\\Http\\Request), Object(Closure))
#49 /Users/Mark/Desktop/clients/Comptech/Projects/Career/Peach Technology/Projects/Sub/Nature Ripe/Development/natureripe-laravel/vendor/laravel/framework/src/Illuminate/Http/Middleware/HandleCors.php(49): Illuminate\\Pipeline\\Pipeline->Illuminate\\Pipeline\\{closure}(Object(Illuminate\\Http\\Request))
#50 /Users/Mark/Desktop/clients/Comptech/Projects/Career/Peach Technology/Projects/Sub/Nature Ripe/Development/natureripe-laravel/vendor/laravel/framework/src/Illuminate/Pipeline/Pipeline.php(180): Illuminate\\Http\\Middleware\\HandleCors->handle(Object(Illuminate\\Http\\Request), Object(Closure))
#51 /Users/Mark/Desktop/clients/Comptech/Projects/Career/Peach Technology/Projects/Sub/Nature Ripe/Development/natureripe-laravel/vendor/laravel/framework/src/Illuminate/Http/Middleware/TrustProxies.php(39): Illuminate\\Pipeline\\Pipeline->Illuminate\\Pipeline\\{closure}(Object(Illuminate\\Http\\Request))
#52 /Users/Mark/Desktop/clients/Comptech/Projects/Career/Peach Technology/Projects/Sub/Nature Ripe/Development/natureripe-laravel/vendor/laravel/framework/src/Illuminate/Pipeline/Pipeline.php(180): Illuminate\\Http\\Middleware\\TrustProxies->handle(Object(Illuminate\\Http\\Request), Object(Closure))
#53 /Users/Mark/Desktop/clients/Comptech/Projects/Career/Peach Technology/Projects/Sub/Nature Ripe/Development/natureripe-laravel/vendor/laravel/framework/src/Illuminate/Pipeline/Pipeline.php(116): Illuminate\\Pipeline\\Pipeline->Illuminate\\Pipeline\\{closure}(Object(Illuminate\\Http\\Request))
#54 /Users/Mark/Desktop/clients/Comptech/Projects/Career/Peach Technology/Projects/Sub/Nature Ripe/Development/natureripe-laravel/vendor/laravel/framework/src/Illuminate/Foundation/Http/Kernel.php(142): Illuminate\\Pipeline\\Pipeline->then(Object(Closure))
#55 /Users/Mark/Desktop/clients/Comptech/Projects/Career/Peach Technology/Projects/Sub/Nature Ripe/Development/natureripe-laravel/vendor/laravel/framework/src/Illuminate/Foundation/Http/Kernel.php(111): Illuminate\\Foundation\\Http\\Kernel->sendRequestThroughRouter(Object(Illuminate\\Http\\Request))
#56 /Users/Mark/Desktop/clients/Comptech/Projects/Career/Peach Technology/Projects/Sub/Nature Ripe/Development/natureripe-laravel/public/index.php(52): Illuminate\\Foundation\\Http\\Kernel->handle(Object(Illuminate\\Http\\Request))
#57 /Users/Mark/Desktop/clients/Comptech/Projects/Career/Peach Technology/Projects/Sub/Nature Ripe/Development/natureripe-laravel/vendor/laravel/framework/src/Illuminate/Foundation/resources/server.php(16): require_once('/Users/Mark/Des...')
#58 {main}
"} 
[2022-06-21 16:04:19] local.ERROR: SQLSTATE[HY000] [1045] Access denied for user 'root'@'localhost' (using password: NO) (SQL: select * from `sessions` where `id` = 5soCKkvRzh2NZwPvqU6Um0l4eRgxQkdLfu9pMCov limit 1) {"exception":"[object] (Illuminate\\Database\\QueryException(code: 1045): SQLSTATE[HY000] [1045] Access denied for user 'root'@'localhost' (using password: NO) (SQL: select * from `sessions` where `id` = 5soCKkvRzh2NZwPvqU6Um0l4eRgxQkdLfu9pMCov limit 1) at /Users/Mark/Desktop/clients/Comptech/Projects/Career/Peach Technology/Projects/Sub/Nature Ripe/Development/natureripe-laravel/vendor/laravel/framework/src/Illuminate/Database/Connection.php:716)
[stacktrace]
#0 /Users/Mark/Desktop/clients/Comptech/Projects/Career/Peach Technology/Projects/Sub/Nature Ripe/Development/natureripe-laravel/vendor/laravel/framework/src/Illuminate/Database/Connection.php(676): Illuminate\\Database\\Connection->runQueryCallback('select * from `...', Array, Object(Closure))
#1 /Users/Mark/Desktop/clients/Comptech/Projects/Career/Peach Technology/Projects/Sub/Nature Ripe/Development/natureripe-laravel/vendor/laravel/framework/src/Illuminate/Database/Connection.php(376): Illuminate\\Database\\Connection->run('select * from `...', Array, Object(Closure))
#2 /Users/Mark/Desktop/clients/Comptech/Projects/Career/Peach Technology/Projects/Sub/Nature Ripe/Development/natureripe-laravel/vendor/laravel/framework/src/Illuminate/Database/Query/Builder.php(2556): Illuminate\\Database\\Connection->select('select * from `...', Array, true)
#3 /Users/Mark/Desktop/clients/Comptech/Projects/Career/Peach Technology/Projects/Sub/Nature Ripe/Development/natureripe-laravel/vendor/laravel/framework/src/Illuminate/Database/Query/Builder.php(2544): Illuminate\\Database\\Query\\Builder->runSelect()
#4 /Users/Mark/Desktop/clients/Comptech/Projects/Career/Peach Technology/Projects/Sub/Nature Ripe/Development/natureripe-laravel/vendor/laravel/framework/src/Illuminate/Database/Query/Builder.php(3078): Illuminate\\Database\\Query\\Builder->Illuminate\\Database\\Query\\{closure}()
#5 /Users/Mark/Desktop/clients/Comptech/Projects/Career/Peach Technology/Projects/Sub/Nature Ripe/Development/natureripe-laravel/vendor/laravel/framework/src/Illuminate/Database/Query/Builder.php(2545): Illuminate\\Database\\Query\\Builder->onceWithColumns(Array, Object(Closure))
#6 /Users/Mark/Desktop/clients/Comptech/Projects/Career/Peach Technology/Projects/Sub/Nature Ripe/Development/natureripe-laravel/vendor/laravel/framework/src/Illuminate/Database/Concerns/BuildsQueries.php(296): Illuminate\\Database\\Query\\Builder->get(Array)
#7 /Users/Mark/Desktop/clients/Comptech/Projects/Career/Peach Technology/Projects/Sub/Nature Ripe/Development/natureripe-laravel/vendor/laravel/framework/src/Illuminate/Database/Query/Builder.php(2503): Illuminate\\Database\\Query\\Builder->first(Array)
#8 /Users/Mark/Desktop/clients/Comptech/Projects/Career/Peach Technology/Projects/Sub/Nature Ripe/Development/natureripe-laravel/vendor/laravel/framework/src/Illuminate/Session/DatabaseSessionHandler.php(97): Illuminate\\Database\\Query\\Builder->find('5soCKkvRzh2NZwP...')
#9 /Users/Mark/Desktop/clients/Comptech/Projects/Career/Peach Technology/Projects/Sub/Nature Ripe/Development/natureripe-laravel/vendor/laravel/framework/src/Illuminate/Session/Store.php(106): Illuminate\\Session\\DatabaseSessionHandler->read('5soCKkvRzh2NZwP...')
#10 /Users/Mark/Desktop/clients/Comptech/Projects/Career/Peach Technology/Projects/Sub/Nature Ripe/Development/natureripe-laravel/vendor/laravel/framework/src/Illuminate/Session/Store.php(96): Illuminate\\Session\\Store->readFromHandler()
#11 /Users/Mark/Desktop/clients/Comptech/Projects/Career/Peach Technology/Projects/Sub/Nature Ripe/Development/natureripe-laravel/vendor/laravel/framework/src/Illuminate/Session/Store.php(80): Illuminate\\Session\\Store->loadSession()
#12 /Users/Mark/Desktop/clients/Comptech/Projects/Career/Peach Technology/Projects/Sub/Nature Ripe/Development/natureripe-laravel/vendor/laravel/framework/src/Illuminate/Session/Middleware/StartSession.php(147): Illuminate\\Session\\Store->start()
#13 /Users/Mark/Desktop/clients/Comptech/Projects/Career/Peach Technology/Projects/Sub/Nature Ripe/Development/natureripe-laravel/vendor/laravel/framework/src/Illuminate/Support/helpers.php(302): Illuminate\\Session\\Middleware\\StartSession->Illuminate\\Session\\Middleware\\{closure}(Object(Illuminate\\Session\\Store))
#14 /Users/Mark/Desktop/clients/Comptech/Projects/Career/Peach Technology/Projects/Sub/Nature Ripe/Development/natureripe-laravel/vendor/laravel/framework/src/Illuminate/Session/Middleware/StartSession.php(148): tap(Object(Illuminate\\Session\\Store), Object(Closure))
#15 /Users/Mark/Desktop/clients/Comptech/Projects/Career/Peach Technology/Projects/Sub/Nature Ripe/Development/natureripe-laravel/vendor/laravel/framework/src/Illuminate/Session/Middleware/StartSession.php(116): Illuminate\\Session\\Middleware\\StartSession->startSession(Object(Illuminate\\Http\\Request), Object(Illuminate\\Session\\Store))
#16 /Users/Mark/Desktop/clients/Comptech/Projects/Career/Peach Technology/Projects/Sub/Nature Ripe/Development/natureripe-laravel/vendor/laravel/framework/src/Illuminate/Session/Middleware/StartSession.php(64): Illuminate\\Session\\Middleware\\StartSession->handleStatefulRequest(Object(Illuminate\\Http\\Request), Object(Illuminate\\Session\\Store), Object(Closure))
#17 /Users/Mark/Desktop/clients/Comptech/Projects/Career/Peach Technology/Projects/Sub/Nature Ripe/Development/natureripe-laravel/vendor/laravel/framework/src/Illuminate/Pipeline/Pipeline.php(180): Illuminate\\Session\\Middleware\\StartSession->handle(Object(Illuminate\\Http\\Request), Object(Closure))
#18 /Users/Mark/Desktop/clients/Comptech/Projects/Career/Peach Technology/Projects/Sub/Nature Ripe/Development/natureripe-laravel/vendor/laravel/framework/src/Illuminate/Cookie/Middleware/AddQueuedCookiesToResponse.php(37): Illuminate\\Pipeline\\Pipeline->Illuminate\\Pipeline\\{closure}(Object(Illuminate\\Http\\Request))
#19 /Users/Mark/Desktop/clients/Comptech/Projects/Career/Peach Technology/Projects/Sub/Nature Ripe/Development/natureripe-laravel/vendor/laravel/framework/src/Illuminate/Pipeline/Pipeline.php(180): Illuminate\\Cookie\\Middleware\\AddQueuedCookiesToResponse->handle(Object(Illuminate\\Http\\Request), Object(Closure))
#20 /Users/Mark/Desktop/clients/Comptech/Projects/Career/Peach Technology/Projects/Sub/Nature Ripe/Development/natureripe-laravel/vendor/laravel/framework/src/Illuminate/Cookie/Middleware/EncryptCookies.php(67): Illuminate\\Pipeline\\Pipeline->Illuminate\\Pipeline\\{closure}(Object(Illuminate\\Http\\Request))
#21 /Users/Mark/Desktop/clients/Comptech/Projects/Career/Peach Technology/Projects/Sub/Nature Ripe/Development/natureripe-laravel/vendor/laravel/framework/src/Illuminate/Pipeline/Pipeline.php(180): Illuminate\\Cookie\\Middleware\\EncryptCookies->handle(Object(Illuminate\\Http\\Request), Object(Closure))
#22 /Users/Mark/Desktop/clients/Comptech/Projects/Career/Peach Technology/Projects/Sub/Nature Ripe/Development/natureripe-laravel/vendor/laravel/framework/src/Illuminate/Pipeline/Pipeline.php(116): Illuminate\\Pipeline\\Pipeline->Illuminate\\Pipeline\\{closure}(Object(Illuminate\\Http\\Request))
#23 /Users/Mark/Desktop/clients/Comptech/Projects/Career/Peach Technology/Projects/Sub/Nature Ripe/Development/natureripe-laravel/vendor/laravel/framework/src/Illuminate/Routing/Router.php(727): Illuminate\\Pipeline\\Pipeline->then(Object(Closure))
#24 /Users/Mark/Desktop/clients/Comptech/Projects/Career/Peach Technology/Projects/Sub/Nature Ripe/Development/natureripe-laravel/vendor/laravel/framework/src/Illuminate/Routing/Router.php(702): Illuminate\\Routing\\Router->runRouteWithinStack(Object(Illuminate\\Routing\\Route), Object(Illuminate\\Http\\Request))
#25 /Users/Mark/Desktop/clients/Comptech/Projects/Career/Peach Technology/Projects/Sub/Nature Ripe/Development/natureripe-laravel/vendor/laravel/framework/src/Illuminate/Routing/Router.php(666): Illuminate\\Routing\\Router->runRoute(Object(Illuminate\\Http\\Request), Object(Illuminate\\Routing\\Route))
#26 /Users/Mark/Desktop/clients/Comptech/Projects/Career/Peach Technology/Projects/Sub/Nature Ripe/Development/natureripe-laravel/vendor/laravel/framework/src/Illuminate/Routing/Router.php(655): Illuminate\\Routing\\Router->dispatchToRoute(Object(Illuminate\\Http\\Request))
#27 /Users/Mark/Desktop/clients/Comptech/Projects/Career/Peach Technology/Projects/Sub/Nature Ripe/Development/natureripe-laravel/vendor/laravel/framework/src/Illuminate/Foundation/Http/Kernel.php(167): Illuminate\\Routing\\Router->dispatch(Object(Illuminate\\Http\\Request))
#28 /Users/Mark/Desktop/clients/Comptech/Projects/Career/Peach Technology/Projects/Sub/Nature Ripe/Development/natureripe-laravel/vendor/laravel/framework/src/Illuminate/Pipeline/Pipeline.php(141): Illuminate\\Foundation\\Http\\Kernel->Illuminate\\Foundation\\Http\\{closure}(Object(Illuminate\\Http\\Request))
#29 /Users/Mark/Desktop/clients/Comptech/Projects/Career/Peach Technology/Projects/Sub/Nature Ripe/Development/natureripe-laravel/vendor/laravel/framework/src/Illuminate/Foundation/Http/Middleware/TransformsRequest.php(21): Illuminate\\Pipeline\\Pipeline->Illuminate\\Pipeline\\{closure}(Object(Illuminate\\Http\\Request))
#30 /Users/Mark/Desktop/clients/Comptech/Projects/Career/Peach Technology/Projects/Sub/Nature Ripe/Development/natureripe-laravel/vendor/laravel/framework/src/Illuminate/Foundation/Http/Middleware/ConvertEmptyStringsToNull.php(31): Illuminate\\Foundation\\Http\\Middleware\\TransformsRequest->handle(Object(Illuminate\\Http\\Request), Object(Closure))
#31 /Users/Mark/Desktop/clients/Comptech/Projects/Career/Peach Technology/Projects/Sub/Nature Ripe/Development/natureripe-laravel/vendor/laravel/framework/src/Illuminate/Pipeline/Pipeline.php(180): Illuminate\\Foundation\\Http\\Middleware\\ConvertEmptyStringsToNull->handle(Object(Illuminate\\Http\\Request), Object(Closure))
#32 /Users/Mark/Desktop/clients/Comptech/Projects/Career/Peach Technology/Projects/Sub/Nature Ripe/Development/natureripe-laravel/vendor/laravel/framework/src/Illuminate/Foundation/Http/Middleware/TransformsRequest.php(21): Illuminate\\Pipeline\\Pipeline->Illuminate\\Pipeline\\{closure}(Object(Illuminate\\Http\\Request))
#33 /Users/Mark/Desktop/clients/Comptech/Projects/Career/Peach Technology/Projects/Sub/Nature Ripe/Development/natureripe-laravel/vendor/laravel/framework/src/Illuminate/Foundation/Http/Middleware/TrimStrings.php(40): Illuminate\\Foundation\\Http\\Middleware\\TransformsRequest->handle(Object(Illuminate\\Http\\Request), Object(Closure))
#34 /Users/Mark/Desktop/clients/Comptech/Projects/Career/Peach Technology/Projects/Sub/Nature Ripe/Development/natureripe-laravel/vendor/laravel/framework/src/Illuminate/Pipeline/Pipeline.php(180): Illuminate\\Foundation\\Http\\Middleware\\TrimStrings->handle(Object(Illuminate\\Http\\Request), Object(Closure))
#35 /Users/Mark/Desktop/clients/Comptech/Projects/Career/Peach Technology/Projects/Sub/Nature Ripe/Development/natureripe-laravel/vendor/laravel/framework/src/Illuminate/Foundation/Http/Middleware/ValidatePostSize.php(27): Illuminate\\Pipeline\\Pipeline->Illuminate\\Pipeline\\{closure}(Object(Illuminate\\Http\\Request))
#36 /Users/Mark/Desktop/clients/Comptech/Projects/Career/Peach Technology/Projects/Sub/Nature Ripe/Development/natureripe-laravel/vendor/laravel/framework/src/Illuminate/Pipeline/Pipeline.php(180): Illuminate\\Foundation\\Http\\Middleware\\ValidatePostSize->handle(Object(Illuminate\\Http\\Request), Object(Closure))
#37 /Users/Mark/Desktop/clients/Comptech/Projects/Career/Peach Technology/Projects/Sub/Nature Ripe/Development/natureripe-laravel/vendor/laravel/framework/src/Illuminate/Foundation/Http/Middleware/PreventRequestsDuringMaintenance.php(86): Illuminate\\Pipeline\\Pipeline->Illuminate\\Pipeline\\{closure}(Object(Illuminate\\Http\\Request))
#38 /Users/Mark/Desktop/clients/Comptech/Projects/Career/Peach Technology/Projects/Sub/Nature Ripe/Development/natureripe-laravel/vendor/laravel/framework/src/Illuminate/Pipeline/Pipeline.php(180): Illuminate\\Foundation\\Http\\Middleware\\PreventRequestsDuringMaintenance->handle(Object(Illuminate\\Http\\Request), Object(Closure))
#39 /Users/Mark/Desktop/clients/Comptech/Projects/Career/Peach Technology/Projects/Sub/Nature Ripe/Development/natureripe-laravel/vendor/laravel/framework/src/Illuminate/Http/Middleware/HandleCors.php(49): Illuminate\\Pipeline\\Pipeline->Illuminate\\Pipeline\\{closure}(Object(Illuminate\\Http\\Request))
#40 /Users/Mark/Desktop/clients/Comptech/Projects/Career/Peach Technology/Projects/Sub/Nature Ripe/Development/natureripe-laravel/vendor/laravel/framework/src/Illuminate/Pipeline/Pipeline.php(180): Illuminate\\Http\\Middleware\\HandleCors->handle(Object(Illuminate\\Http\\Request), Object(Closure))
#41 /Users/Mark/Desktop/clients/Comptech/Projects/Career/Peach Technology/Projects/Sub/Nature Ripe/Development/natureripe-laravel/vendor/laravel/framework/src/Illuminate/Http/Middleware/TrustProxies.php(39): Illuminate\\Pipeline\\Pipeline->Illuminate\\Pipeline\\{closure}(Object(Illuminate\\Http\\Request))
#42 /Users/Mark/Desktop/clients/Comptech/Projects/Career/Peach Technology/Projects/Sub/Nature Ripe/Development/natureripe-laravel/vendor/laravel/framework/src/Illuminate/Pipeline/Pipeline.php(180): Illuminate\\Http\\Middleware\\TrustProxies->handle(Object(Illuminate\\Http\\Request), Object(Closure))
#43 /Users/Mark/Desktop/clients/Comptech/Projects/Career/Peach Technology/Projects/Sub/Nature Ripe/Development/natureripe-laravel/vendor/laravel/framework/src/Illuminate/Pipeline/Pipeline.php(116): Illuminate\\Pipeline\\Pipeline->Illuminate\\Pipeline\\{closure}(Object(Illuminate\\Http\\Request))
#44 /Users/Mark/Desktop/clients/Comptech/Projects/Career/Peach Technology/Projects/Sub/Nature Ripe/Development/natureripe-laravel/vendor/laravel/framework/src/Illuminate/Foundation/Http/Kernel.php(142): Illuminate\\Pipeline\\Pipeline->then(Object(Closure))
#45 /Users/Mark/Desktop/clients/Comptech/Projects/Career/Peach Technology/Projects/Sub/Nature Ripe/Development/natureripe-laravel/vendor/laravel/framework/src/Illuminate/Foundation/Http/Kernel.php(111): Illuminate\\Foundation\\Http\\Kernel->sendRequestThroughRouter(Object(Illuminate\\Http\\Request))
#46 /Users/Mark/Desktop/clients/Comptech/Projects/Career/Peach Technology/Projects/Sub/Nature Ripe/Development/natureripe-laravel/public/index.php(52): Illuminate\\Foundation\\Http\\Kernel->handle(Object(Illuminate\\Http\\Request))
#47 /Users/Mark/Desktop/clients/Comptech/Projects/Career/Peach Technology/Projects/Sub/Nature Ripe/Development/natureripe-laravel/vendor/laravel/framework/src/Illuminate/Foundation/resources/server.php(16): require_once('/Users/Mark/Des...')
#48 {main}

[previous exception] [object] (PDOException(code: 1045): SQLSTATE[HY000] [1045] Access denied for user 'root'@'localhost' (using password: NO) at /Users/Mark/Desktop/clients/Comptech/Projects/Career/Peach Technology/Projects/Sub/Nature Ripe/Development/natureripe-laravel/vendor/laravel/framework/src/Illuminate/Database/Connectors/Connector.php:70)
[stacktrace]
#0 /Users/Mark/Desktop/clients/Comptech/Projects/Career/Peach Technology/Projects/Sub/Nature Ripe/Development/natureripe-laravel/vendor/laravel/framework/src/Illuminate/Database/Connectors/Connector.php(70): PDO->__construct('mysql:host=127....', 'root', '', Array)
#1 /Users/Mark/Desktop/clients/Comptech/Projects/Career/Peach Technology/Projects/Sub/Nature Ripe/Development/natureripe-laravel/vendor/laravel/framework/src/Illuminate/Database/Connectors/Connector.php(46): Illuminate\\Database\\Connectors\\Connector->createPdoConnection('mysql:host=127....', 'root', '', Array)
#2 /Users/Mark/Desktop/clients/Comptech/Projects/Career/Peach Technology/Projects/Sub/Nature Ripe/Development/natureripe-laravel/vendor/laravel/framework/src/Illuminate/Database/Connectors/MySqlConnector.php(24): Illuminate\\Database\\Connectors\\Connector->createConnection('mysql:host=127....', Array, Array)
#3 /Users/Mark/Desktop/clients/Comptech/Projects/Career/Peach Technology/Projects/Sub/Nature Ripe/Development/natureripe-laravel/vendor/laravel/framework/src/Illuminate/Database/Connectors/ConnectionFactory.php(184): Illuminate\\Database\\Connectors\\MySqlConnector->connect(Array)
#4 [internal function]: Illuminate\\Database\\Connectors\\ConnectionFactory->Illuminate\\Database\\Connectors\\{closure}()
#5 /Users/Mark/Desktop/clients/Comptech/Projects/Career/Peach Technology/Projects/Sub/Nature Ripe/Development/natureripe-laravel/vendor/laravel/framework/src/Illuminate/Database/Connection.php(1064): call_user_func(Object(Closure))
#6 /Users/Mark/Desktop/clients/Comptech/Projects/Career/Peach Technology/Projects/Sub/Nature Ripe/Development/natureripe-laravel/vendor/laravel/framework/src/Illuminate/Database/Connection.php(1100): Illuminate\\Database\\Connection->getPdo()
#7 /Users/Mark/Desktop/clients/Comptech/Projects/Career/Peach Technology/Projects/Sub/Nature Ripe/Development/natureripe-laravel/vendor/laravel/framework/src/Illuminate/Database/Connection.php(442): Illuminate\\Database\\Connection->getReadPdo()
#8 /Users/Mark/Desktop/clients/Comptech/Projects/Career/Peach Technology/Projects/Sub/Nature Ripe/Development/natureripe-laravel/vendor/laravel/framework/src/Illuminate/Database/Connection.php(368): Illuminate\\Database\\Connection->getPdoForSelect(true)
#9 /Users/Mark/Desktop/clients/Comptech/Projects/Career/Peach Technology/Projects/Sub/Nature Ripe/Development/natureripe-laravel/vendor/laravel/framework/src/Illuminate/Database/Connection.php(709): Illuminate\\Database\\Connection->Illuminate\\Database\\{closure}('select * from `...', Array)
#10 /Users/Mark/Desktop/clients/Comptech/Projects/Career/Peach Technology/Projects/Sub/Nature Ripe/Development/natureripe-laravel/vendor/laravel/framework/src/Illuminate/Database/Connection.php(676): Illuminate\\Database\\Connection->runQueryCallback('select * from `...', Array, Object(Closure))
#11 /Users/Mark/Desktop/clients/Comptech/Projects/Career/Peach Technology/Projects/Sub/Nature Ripe/Development/natureripe-laravel/vendor/laravel/framework/src/Illuminate/Database/Connection.php(376): Illuminate\\Database\\Connection->run('select * from `...', Array, Object(Closure))
#12 /Users/Mark/Desktop/clients/Comptech/Projects/Career/Peach Technology/Projects/Sub/Nature Ripe/Development/natureripe-laravel/vendor/laravel/framework/src/Illuminate/Database/Query/Builder.php(2556): Illuminate\\Database\\Connection->select('select * from `...', Array, true)
#13 /Users/Mark/Desktop/clients/Comptech/Projects/Career/Peach Technology/Projects/Sub/Nature Ripe/Development/natureripe-laravel/vendor/laravel/framework/src/Illuminate/Database/Query/Builder.php(2544): Illuminate\\Database\\Query\\Builder->runSelect()
#14 /Users/Mark/Desktop/clients/Comptech/Projects/Career/Peach Technology/Projects/Sub/Nature Ripe/Development/natureripe-laravel/vendor/laravel/framework/src/Illuminate/Database/Query/Builder.php(3078): Illuminate\\Database\\Query\\Builder->Illuminate\\Database\\Query\\{closure}()
#15 /Users/Mark/Desktop/clients/Comptech/Projects/Career/Peach Technology/Projects/Sub/Nature Ripe/Development/natureripe-laravel/vendor/laravel/framework/src/Illuminate/Database/Query/Builder.php(2545): Illuminate\\Database\\Query\\Builder->onceWithColumns(Array, Object(Closure))
#16 /Users/Mark/Desktop/clients/Comptech/Projects/Career/Peach Technology/Projects/Sub/Nature Ripe/Development/natureripe-laravel/vendor/laravel/framework/src/Illuminate/Database/Concerns/BuildsQueries.php(296): Illuminate\\Database\\Query\\Builder->get(Array)
#17 /Users/Mark/Desktop/clients/Comptech/Projects/Career/Peach Technology/Projects/Sub/Nature Ripe/Development/natureripe-laravel/vendor/laravel/framework/src/Illuminate/Database/Query/Builder.php(2503): Illuminate\\Database\\Query\\Builder->first(Array)
#18 /Users/Mark/Desktop/clients/Comptech/Projects/Career/Peach Technology/Projects/Sub/Nature Ripe/Development/natureripe-laravel/vendor/laravel/framework/src/Illuminate/Session/DatabaseSessionHandler.php(97): Illuminate\\Database\\Query\\Builder->find('5soCKkvRzh2NZwP...')
#19 /Users/Mark/Desktop/clients/Comptech/Projects/Career/Peach Technology/Projects/Sub/Nature Ripe/Development/natureripe-laravel/vendor/laravel/framework/src/Illuminate/Session/Store.php(106): Illuminate\\Session\\DatabaseSessionHandler->read('5soCKkvRzh2NZwP...')
#20 /Users/Mark/Desktop/clients/Comptech/Projects/Career/Peach Technology/Projects/Sub/Nature Ripe/Development/natureripe-laravel/vendor/laravel/framework/src/Illuminate/Session/Store.php(96): Illuminate\\Session\\Store->readFromHandler()
#21 /Users/Mark/Desktop/clients/Comptech/Projects/Career/Peach Technology/Projects/Sub/Nature Ripe/Development/natureripe-laravel/vendor/laravel/framework/src/Illuminate/Session/Store.php(80): Illuminate\\Session\\Store->loadSession()
#22 /Users/Mark/Desktop/clients/Comptech/Projects/Career/Peach Technology/Projects/Sub/Nature Ripe/Development/natureripe-laravel/vendor/laravel/framework/src/Illuminate/Session/Middleware/StartSession.php(147): Illuminate\\Session\\Store->start()
#23 /Users/Mark/Desktop/clients/Comptech/Projects/Career/Peach Technology/Projects/Sub/Nature Ripe/Development/natureripe-laravel/vendor/laravel/framework/src/Illuminate/Support/helpers.php(302): Illuminate\\Session\\Middleware\\StartSession->Illuminate\\Session\\Middleware\\{closure}(Object(Illuminate\\Session\\Store))
#24 /Users/Mark/Desktop/clients/Comptech/Projects/Career/Peach Technology/Projects/Sub/Nature Ripe/Development/natureripe-laravel/vendor/laravel/framework/src/Illuminate/Session/Middleware/StartSession.php(148): tap(Object(Illuminate\\Session\\Store), Object(Closure))
#25 /Users/Mark/Desktop/clients/Comptech/Projects/Career/Peach Technology/Projects/Sub/Nature Ripe/Development/natureripe-laravel/vendor/laravel/framework/src/Illuminate/Session/Middleware/StartSession.php(116): Illuminate\\Session\\Middleware\\StartSession->startSession(Object(Illuminate\\Http\\Request), Object(Illuminate\\Session\\Store))
#26 /Users/Mark/Desktop/clients/Comptech/Projects/Career/Peach Technology/Projects/Sub/Nature Ripe/Development/natureripe-laravel/vendor/laravel/framework/src/Illuminate/Session/Middleware/StartSession.php(64): Illuminate\\Session\\Middleware\\StartSession->handleStatefulRequest(Object(Illuminate\\Http\\Request), Object(Illuminate\\Session\\Store), Object(Closure))
#27 /Users/Mark/Desktop/clients/Comptech/Projects/Career/Peach Technology/Projects/Sub/Nature Ripe/Development/natureripe-laravel/vendor/laravel/framework/src/Illuminate/Pipeline/Pipeline.php(180): Illuminate\\Session\\Middleware\\StartSession->handle(Object(Illuminate\\Http\\Request), Object(Closure))
#28 /Users/Mark/Desktop/clients/Comptech/Projects/Career/Peach Technology/Projects/Sub/Nature Ripe/Development/natureripe-laravel/vendor/laravel/framework/src/Illuminate/Cookie/Middleware/AddQueuedCookiesToResponse.php(37): Illuminate\\Pipeline\\Pipeline->Illuminate\\Pipeline\\{closure}(Object(Illuminate\\Http\\Request))
#29 /Users/Mark/Desktop/clients/Comptech/Projects/Career/Peach Technology/Projects/Sub/Nature Ripe/Development/natureripe-laravel/vendor/laravel/framework/src/Illuminate/Pipeline/Pipeline.php(180): Illuminate\\Cookie\\Middleware\\AddQueuedCookiesToResponse->handle(Object(Illuminate\\Http\\Request), Object(Closure))
#30 /Users/Mark/Desktop/clients/Comptech/Projects/Career/Peach Technology/Projects/Sub/Nature Ripe/Development/natureripe-laravel/vendor/laravel/framework/src/Illuminate/Cookie/Middleware/EncryptCookies.php(67): Illuminate\\Pipeline\\Pipeline->Illuminate\\Pipeline\\{closure}(Object(Illuminate\\Http\\Request))
#31 /Users/Mark/Desktop/clients/Comptech/Projects/Career/Peach Technology/Projects/Sub/Nature Ripe/Development/natureripe-laravel/vendor/laravel/framework/src/Illuminate/Pipeline/Pipeline.php(180): Illuminate\\Cookie\\Middleware\\EncryptCookies->handle(Object(Illuminate\\Http\\Request), Object(Closure))
#32 /Users/Mark/Desktop/clients/Comptech/Projects/Career/Peach Technology/Projects/Sub/Nature Ripe/Development/natureripe-laravel/vendor/laravel/framework/src/Illuminate/Pipeline/Pipeline.php(116): Illuminate\\Pipeline\\Pipeline->Illuminate\\Pipeline\\{closure}(Object(Illuminate\\Http\\Request))
#33 /Users/Mark/Desktop/clients/Comptech/Projects/Career/Peach Technology/Projects/Sub/Nature Ripe/Development/natureripe-laravel/vendor/laravel/framework/src/Illuminate/Routing/Router.php(727): Illuminate\\Pipeline\\Pipeline->then(Object(Closure))
#34 /Users/Mark/Desktop/clients/Comptech/Projects/Career/Peach Technology/Projects/Sub/Nature Ripe/Development/natureripe-laravel/vendor/laravel/framework/src/Illuminate/Routing/Router.php(702): Illuminate\\Routing\\Router->runRouteWithinStack(Object(Illuminate\\Routing\\Route), Object(Illuminate\\Http\\Request))
#35 /Users/Mark/Desktop/clients/Comptech/Projects/Career/Peach Technology/Projects/Sub/Nature Ripe/Development/natureripe-laravel/vendor/laravel/framework/src/Illuminate/Routing/Router.php(666): Illuminate\\Routing\\Router->runRoute(Object(Illuminate\\Http\\Request), Object(Illuminate\\Routing\\Route))
#36 /Users/Mark/Desktop/clients/Comptech/Projects/Career/Peach Technology/Projects/Sub/Nature Ripe/Development/natureripe-laravel/vendor/laravel/framework/src/Illuminate/Routing/Router.php(655): Illuminate\\Routing\\Router->dispatchToRoute(Object(Illuminate\\Http\\Request))
#37 /Users/Mark/Desktop/clients/Comptech/Projects/Career/Peach Technology/Projects/Sub/Nature Ripe/Development/natureripe-laravel/vendor/laravel/framework/src/Illuminate/Foundation/Http/Kernel.php(167): Illuminate\\Routing\\Router->dispatch(Object(Illuminate\\Http\\Request))
#38 /Users/Mark/Desktop/clients/Comptech/Projects/Career/Peach Technology/Projects/Sub/Nature Ripe/Development/natureripe-laravel/vendor/laravel/framework/src/Illuminate/Pipeline/Pipeline.php(141): Illuminate\\Foundation\\Http\\Kernel->Illuminate\\Foundation\\Http\\{closure}(Object(Illuminate\\Http\\Request))
#39 /Users/Mark/Desktop/clients/Comptech/Projects/Career/Peach Technology/Projects/Sub/Nature Ripe/Development/natureripe-laravel/vendor/laravel/framework/src/Illuminate/Foundation/Http/Middleware/TransformsRequest.php(21): Illuminate\\Pipeline\\Pipeline->Illuminate\\Pipeline\\{closure}(Object(Illuminate\\Http\\Request))
#40 /Users/Mark/Desktop/clients/Comptech/Projects/Career/Peach Technology/Projects/Sub/Nature Ripe/Development/natureripe-laravel/vendor/laravel/framework/src/Illuminate/Foundation/Http/Middleware/ConvertEmptyStringsToNull.php(31): Illuminate\\Foundation\\Http\\Middleware\\TransformsRequest->handle(Object(Illuminate\\Http\\Request), Object(Closure))
#41 /Users/Mark/Desktop/clients/Comptech/Projects/Career/Peach Technology/Projects/Sub/Nature Ripe/Development/natureripe-laravel/vendor/laravel/framework/src/Illuminate/Pipeline/Pipeline.php(180): Illuminate\\Foundation\\Http\\Middleware\\ConvertEmptyStringsToNull->handle(Object(Illuminate\\Http\\Request), Object(Closure))
#42 /Users/Mark/Desktop/clients/Comptech/Projects/Career/Peach Technology/Projects/Sub/Nature Ripe/Development/natureripe-laravel/vendor/laravel/framework/src/Illuminate/Foundation/Http/Middleware/TransformsRequest.php(21): Illuminate\\Pipeline\\Pipeline->Illuminate\\Pipeline\\{closure}(Object(Illuminate\\Http\\Request))
#43 /Users/Mark/Desktop/clients/Comptech/Projects/Career/Peach Technology/Projects/Sub/Nature Ripe/Development/natureripe-laravel/vendor/laravel/framework/src/Illuminate/Foundation/Http/Middleware/TrimStrings.php(40): Illuminate\\Foundation\\Http\\Middleware\\TransformsRequest->handle(Object(Illuminate\\Http\\Request), Object(Closure))
#44 /Users/Mark/Desktop/clients/Comptech/Projects/Career/Peach Technology/Projects/Sub/Nature Ripe/Development/natureripe-laravel/vendor/laravel/framework/src/Illuminate/Pipeline/Pipeline.php(180): Illuminate\\Foundation\\Http\\Middleware\\TrimStrings->handle(Object(Illuminate\\Http\\Request), Object(Closure))
#45 /Users/Mark/Desktop/clients/Comptech/Projects/Career/Peach Technology/Projects/Sub/Nature Ripe/Development/natureripe-laravel/vendor/laravel/framework/src/Illuminate/Foundation/Http/Middleware/ValidatePostSize.php(27): Illuminate\\Pipeline\\Pipeline->Illuminate\\Pipeline\\{closure}(Object(Illuminate\\Http\\Request))
#46 /Users/Mark/Desktop/clients/Comptech/Projects/Career/Peach Technology/Projects/Sub/Nature Ripe/Development/natureripe-laravel/vendor/laravel/framework/src/Illuminate/Pipeline/Pipeline.php(180): Illuminate\\Foundation\\Http\\Middleware\\ValidatePostSize->handle(Object(Illuminate\\Http\\Request), Object(Closure))
#47 /Users/Mark/Desktop/clients/Comptech/Projects/Career/Peach Technology/Projects/Sub/Nature Ripe/Development/natureripe-laravel/vendor/laravel/framework/src/Illuminate/Foundation/Http/Middleware/PreventRequestsDuringMaintenance.php(86): Illuminate\\Pipeline\\Pipeline->Illuminate\\Pipeline\\{closure}(Object(Illuminate\\Http\\Request))
#48 /Users/Mark/Desktop/clients/Comptech/Projects/Career/Peach Technology/Projects/Sub/Nature Ripe/Development/natureripe-laravel/vendor/laravel/framework/src/Illuminate/Pipeline/Pipeline.php(180): Illuminate\\Foundation\\Http\\Middleware\\PreventRequestsDuringMaintenance->handle(Object(Illuminate\\Http\\Request), Object(Closure))
#49 /Users/Mark/Desktop/clients/Comptech/Projects/Career/Peach Technology/Projects/Sub/Nature Ripe/Development/natureripe-laravel/vendor/laravel/framework/src/Illuminate/Http/Middleware/HandleCors.php(49): Illuminate\\Pipeline\\Pipeline->Illuminate\\Pipeline\\{closure}(Object(Illuminate\\Http\\Request))
#50 /Users/Mark/Desktop/clients/Comptech/Projects/Career/Peach Technology/Projects/Sub/Nature Ripe/Development/natureripe-laravel/vendor/laravel/framework/src/Illuminate/Pipeline/Pipeline.php(180): Illuminate\\Http\\Middleware\\HandleCors->handle(Object(Illuminate\\Http\\Request), Object(Closure))
#51 /Users/Mark/Desktop/clients/Comptech/Projects/Career/Peach Technology/Projects/Sub/Nature Ripe/Development/natureripe-laravel/vendor/laravel/framework/src/Illuminate/Http/Middleware/TrustProxies.php(39): Illuminate\\Pipeline\\Pipeline->Illuminate\\Pipeline\\{closure}(Object(Illuminate\\Http\\Request))
#52 /Users/Mark/Desktop/clients/Comptech/Projects/Career/Peach Technology/Projects/Sub/Nature Ripe/Development/natureripe-laravel/vendor/laravel/framework/src/Illuminate/Pipeline/Pipeline.php(180): Illuminate\\Http\\Middleware\\TrustProxies->handle(Object(Illuminate\\Http\\Request), Object(Closure))
#53 /Users/Mark/Desktop/clients/Comptech/Projects/Career/Peach Technology/Projects/Sub/Nature Ripe/Development/natureripe-laravel/vendor/laravel/framework/src/Illuminate/Pipeline/Pipeline.php(116): Illuminate\\Pipeline\\Pipeline->Illuminate\\Pipeline\\{closure}(Object(Illuminate\\Http\\Request))
#54 /Users/Mark/Desktop/clients/Comptech/Projects/Career/Peach Technology/Projects/Sub/Nature Ripe/Development/natureripe-laravel/vendor/laravel/framework/src/Illuminate/Foundation/Http/Kernel.php(142): Illuminate\\Pipeline\\Pipeline->then(Object(Closure))
#55 /Users/Mark/Desktop/clients/Comptech/Projects/Career/Peach Technology/Projects/Sub/Nature Ripe/Development/natureripe-laravel/vendor/laravel/framework/src/Illuminate/Foundation/Http/Kernel.php(111): Illuminate\\Foundation\\Http\\Kernel->sendRequestThroughRouter(Object(Illuminate\\Http\\Request))
#56 /Users/Mark/Desktop/clients/Comptech/Projects/Career/Peach Technology/Projects/Sub/Nature Ripe/Development/natureripe-laravel/public/index.php(52): Illuminate\\Foundation\\Http\\Kernel->handle(Object(Illuminate\\Http\\Request))
#57 /Users/Mark/Desktop/clients/Comptech/Projects/Career/Peach Technology/Projects/Sub/Nature Ripe/Development/natureripe-laravel/vendor/laravel/framework/src/Illuminate/Foundation/resources/server.php(16): require_once('/Users/Mark/Des...')
#58 {main}
"} 
